c:\users\hafiz\onedrive\desktop\mini_project_data_base\f21_9243\x64\debug\vc143.pdb
c:\users\hafiz\onedrive\desktop\mini_project_data_base\f21_9243\x64\debug\.netframework,version=v4.7.2.assemblyattributes.obj
c:\users\hafiz\onedrive\desktop\mini_project_data_base\f21_9243\x64\debug\teachernode.obj
c:\users\hafiz\onedrive\desktop\mini_project_data_base\f21_9243\x64\debug\teacher.obj
c:\users\hafiz\onedrive\desktop\mini_project_data_base\f21_9243\x64\debug\studentnode.obj
c:\users\hafiz\onedrive\desktop\mini_project_data_base\f21_9243\x64\debug\student.obj
c:\users\hafiz\onedrive\desktop\mini_project_data_base\f21_9243\x64\debug\myform.obj
c:\users\hafiz\onedrive\desktop\mini_project_data_base\f21_9243\x64\debug\date.obj
c:\users\hafiz\onedrive\desktop\mini_project_data_base\x64\debug\f21_9243.exe
c:\users\hafiz\onedrive\desktop\mini_project_data_base\x64\debug\f21_9243.pdb
c:\users\hafiz\onedrive\desktop\mini_project_data_base\f21_9243\x64\debug\f21_9243.tlog\cl.command.1.tlog
c:\users\hafiz\onedrive\desktop\mini_project_data_base\f21_9243\x64\debug\f21_9243.tlog\cl.read.1.tlog
c:\users\hafiz\onedrive\desktop\mini_project_data_base\f21_9243\x64\debug\f21_9243.tlog\cl.write.1.tlog
c:\users\hafiz\onedrive\desktop\mini_project_data_base\f21_9243\x64\debug\f21_9243.tlog\link.command.1.tlog
c:\users\hafiz\onedrive\desktop\mini_project_data_base\f21_9243\x64\debug\f21_9243.tlog\link.read.1.tlog
c:\users\hafiz\onedrive\desktop\mini_project_data_base\f21_9243\x64\debug\f21_9243.tlog\link.write.1.tlog
c:\users\hafiz\onedrive\desktop\mini_project_data_base\f21_9243\x64\debug\f21_9243.tlog\metagen.read.1.tlog
c:\users\hafiz\onedrive\desktop\mini_project_data_base\f21_9243\x64\debug\f21_9243.tlog\metagen.write.1.tlog
c:\users\hafiz\onedrive\desktop\mini_project_data_base\f21_9243\x64\debug\f21_9243.tlog\resgen.command.1.tlog
c:\users\hafiz\onedrive\desktop\mini_project_data_base\f21_9243\x64\debug\f21_9243.tlog\resgen.read.1.tlog
c:\users\hafiz\onedrive\desktop\mini_project_data_base\f21_9243\x64\debug\f21_9243.tlog\resgen.write.1.tlog
